#! /usr/local/bin/vvp
:ivl_version "13.0 (devel)" "(s20250103-48-gfd7029a29)";
:ivl_delay_selection "TYPICAL";
:vpi_time_precision + 0;
:vpi_module "/usr/local/lib/ivl/system.vpi";
:vpi_module "/usr/local/lib/ivl/vhdl_sys.vpi";
:vpi_module "/usr/local/lib/ivl/vhdl_textio.vpi";
:vpi_module "/usr/local/lib/ivl/v2005_math.vpi";
:vpi_module "/usr/local/lib/ivl/va_math.vpi";
S_0x5daef6392d10 .scope module, "processor" "processor" 2 1;
 .timescale 0 0;
    .port_info 0 /INPUT 1 "clk";
    .port_info 1 /INPUT 1 "reset";
    .port_info 2 /INPUT 1 "op";
    .port_info 3 /INPUT 20 "in_data";
    .port_info 4 /INPUT 1 "write_memory";
    .port_info 5 /INPUT 4 "user_address";
v0x5daef63d8e10_0 .net "a_load", 0 0, v0x5daef63d7090_0;  1 drivers
v0x5daef63d8ed0_0 .net "a_out", 7 0, L_0x5daef6393210;  1 drivers
v0x5daef63d8f90_0 .net "accumulator_content", 7 0, L_0x5daef6394520;  1 drivers
v0x5daef63d9060_0 .net "address", 3 0, L_0x5daef63da0d0;  1 drivers
v0x5daef63d9130_0 .net "alu_a", 7 0, L_0x5daef63d9eb0;  1 drivers
v0x5daef63d91d0_0 .net "alu_out", 7 0, v0x5daef63d5950_0;  1 drivers
v0x5daef63d9270_0 .net "alu_signals", 2 0, v0x5daef63d7540_0;  1 drivers
v0x5daef63d9360_0 .net "b_load", 0 0, v0x5daef63d7600_0;  1 drivers
v0x5daef63d9450_0 .net "b_out", 7 0, L_0x5daef6390f30;  1 drivers
o0x782d0ce34018 .functor BUFZ 1, c4<z>; HiZ drive
v0x5daef63d95a0_0 .net "clk", 0 0, o0x782d0ce34018;  0 drivers
v0x5daef63d9640_0 .net "cu_address", 3 0, v0x5daef63d7330_0;  1 drivers
o0x782d0ce34ca8 .functor BUFZ 20, c4<zzzzzzzzzzzzzzzzzzzz>; HiZ drive
v0x5daef63d96e0_0 .net "in_data", 19 0, o0x782d0ce34ca8;  0 drivers
v0x5daef63d9780_0 .net "instruction", 19 0, L_0x5daef638f670;  1 drivers
v0x5daef63d9850_0 .net "load_accumulator", 0 0, v0x5daef63d7150_0;  1 drivers
o0x782d0ce348e8 .functor BUFZ 1, c4<z>; HiZ drive
v0x5daef63d98f0_0 .net "op", 0 0, o0x782d0ce348e8;  0 drivers
o0x782d0ce34d08 .functor BUFZ 1, c4<z>; HiZ drive
v0x5daef63d9990_0 .net "rd", 0 0, o0x782d0ce34d08;  0 drivers
o0x782d0ce34138 .functor BUFZ 1, c4<z>; HiZ drive
v0x5daef63d9a60_0 .net "reset", 0 0, o0x782d0ce34138;  0 drivers
v0x5daef63d9c10_0 .net "sel", 0 0, v0x5daef63d71f0_0;  1 drivers
o0x782d0ce34f18 .functor BUFZ 4, c4<zzzz>; HiZ drive
v0x5daef63d9ce0_0 .net "user_address", 3 0, o0x782d0ce34f18;  0 drivers
o0x782d0ce34d38 .functor BUFZ 1, c4<z>; HiZ drive
v0x5daef63d9d80_0 .net "write_memory", 0 0, o0x782d0ce34d38;  0 drivers
L_0x5daef63d9eb0 .functor MUXZ 8, L_0x5daef6393210, L_0x5daef6394520, v0x5daef63d71f0_0, C4<>;
L_0x5daef63da0d0 .functor MUXZ 4, o0x782d0ce34f18, v0x5daef63d7330_0, o0x782d0ce348e8, C4<>;
L_0x5daef63da620 .part L_0x5daef638f670, 0, 8;
L_0x5daef63da870 .part L_0x5daef638f670, 8, 8;
L_0x5daef63daa00 .part L_0x5daef638f670, 16, 4;
L_0x5daef63dac30 .part L_0x5daef638f670, 8, 8;
S_0x5daef638ee70 .scope module, "a_buffer" "register_8bit" 2 41, 3 2 0, S_0x5daef6392d10;
 .timescale 0 0;
    .port_info 0 /INPUT 1 "clk";
    .port_info 1 /INPUT 1 "reset";
    .port_info 2 /INPUT 1 "load";
    .port_info 3 /INPUT 8 "reg_in";
    .port_info 4 /OUTPUT 8 "reg_out";
L_0x5daef6393210 .functor BUFZ 8, v0x5daef6391040_0, C4<00000000>, C4<00000000>, C4<00000000>;
v0x5daef638f880_0 .net "clk", 0 0, o0x782d0ce34018;  alias, 0 drivers
v0x5daef6394630_0 .net "load", 0 0, v0x5daef63d7090_0;  alias, 1 drivers
v0x5daef6394730_0 .net "reg_in", 7 0, L_0x5daef63da620;  1 drivers
v0x5daef6393320_0 .net "reg_next", 7 0, L_0x5daef63da510;  1 drivers
v0x5daef63933f0_0 .net "reg_out", 7 0, L_0x5daef6393210;  alias, 1 drivers
v0x5daef6391040_0 .var "reg_reg", 7 0;
v0x5daef6391110_0 .net "reset", 0 0, o0x782d0ce34138;  alias, 0 drivers
E_0x5daef639efd0 .event posedge, v0x5daef6391110_0, v0x5daef638f880_0;
L_0x5daef63da510 .functor MUXZ 8, v0x5daef6391040_0, L_0x5daef63da620, v0x5daef63d7090_0, C4<>;
S_0x5daef63d48e0 .scope module, "accumulator" "register_8bit" 2 34, 3 2 0, S_0x5daef6392d10;
 .timescale 0 0;
    .port_info 0 /INPUT 1 "clk";
    .port_info 1 /INPUT 1 "reset";
    .port_info 2 /INPUT 1 "load";
    .port_info 3 /INPUT 8 "reg_in";
    .port_info 4 /OUTPUT 8 "reg_out";
L_0x5daef6394520 .functor BUFZ 8, v0x5daef63d4f00_0, C4<00000000>, C4<00000000>, C4<00000000>;
v0x5daef63d4b40_0 .net "clk", 0 0, o0x782d0ce34018;  alias, 0 drivers
v0x5daef63d4be0_0 .net "load", 0 0, v0x5daef63d7150_0;  alias, 1 drivers
v0x5daef63d4c80_0 .net "reg_in", 7 0, v0x5daef63d5950_0;  alias, 1 drivers
v0x5daef63d4d40_0 .net "reg_next", 7 0, L_0x5daef63da3e0;  1 drivers
v0x5daef63d4e20_0 .net "reg_out", 7 0, L_0x5daef6394520;  alias, 1 drivers
v0x5daef63d4f00_0 .var "reg_reg", 7 0;
v0x5daef63d4fe0_0 .net "reset", 0 0, o0x782d0ce34138;  alias, 0 drivers
L_0x5daef63da3e0 .functor MUXZ 8, v0x5daef63d4f00_0, v0x5daef63d5950_0, v0x5daef63d7150_0, C4<>;
S_0x5daef63d5100 .scope module, "alu_unit" "alu" 2 64, 4 1 0, S_0x5daef6392d10;
 .timescale 0 0;
    .port_info 0 /INPUT 8 "A";
    .port_info 1 /INPUT 8 "B";
    .port_info 2 /INPUT 3 "select";
    .port_info 3 /OUTPUT 8 "alu_out";
    .port_info 4 /OUTPUT 1 "carry_out";
L_0x5daef63daba0 .functor BUFZ 1, v0x5daef63d5890_0, C4<0>, C4<0>, C4<0>;
v0x5daef63d53e0_0 .net "A", 7 0, L_0x5daef63d9eb0;  alias, 1 drivers
v0x5daef63d54e0_0 .net "B", 7 0, L_0x5daef63dac30;  1 drivers
v0x5daef63d55c0_0 .net "alu_out", 7 0, v0x5daef63d5950_0;  alias, 1 drivers
v0x5daef63d56c0_0 .net "carry_out", 0 0, L_0x5daef63daba0;  1 drivers
v0x5daef63d5760_0 .net "select", 2 0, v0x5daef63d7540_0;  alias, 1 drivers
v0x5daef63d5890_0 .var "temp_carry", 0 0;
v0x5daef63d5950_0 .var "temp_out", 7 0;
E_0x5daef6381ab0 .event anyedge, v0x5daef63d5760_0, v0x5daef63d53e0_0, v0x5daef63d54e0_0;
S_0x5daef63d5ad0 .scope module, "b_buffer" "register_8bit" 2 48, 3 2 0, S_0x5daef6392d10;
 .timescale 0 0;
    .port_info 0 /INPUT 1 "clk";
    .port_info 1 /INPUT 1 "reset";
    .port_info 2 /INPUT 1 "load";
    .port_info 3 /INPUT 8 "reg_in";
    .port_info 4 /OUTPUT 8 "reg_out";
L_0x5daef6390f30 .functor BUFZ 8, v0x5daef63d6200_0, C4<00000000>, C4<00000000>, C4<00000000>;
v0x5daef63d5d60_0 .net "clk", 0 0, o0x782d0ce34018;  alias, 0 drivers
v0x5daef63d5e70_0 .net "load", 0 0, v0x5daef63d7600_0;  alias, 1 drivers
v0x5daef63d5f30_0 .net "reg_in", 7 0, L_0x5daef63da870;  1 drivers
v0x5daef63d5ff0_0 .net "reg_next", 7 0, L_0x5daef63da710;  1 drivers
v0x5daef63d60d0_0 .net "reg_out", 7 0, L_0x5daef6390f30;  alias, 1 drivers
v0x5daef63d6200_0 .var "reg_reg", 7 0;
v0x5daef63d62e0_0 .net "reset", 0 0, o0x782d0ce34138;  alias, 0 drivers
L_0x5daef63da710 .functor MUXZ 8, v0x5daef63d6200_0, L_0x5daef63da870, v0x5daef63d7600_0, C4<>;
S_0x5daef63d6470 .scope module, "control_unit" "controller" 2 55, 5 3 0, S_0x5daef6392d10;
 .timescale 0 0;
    .port_info 0 /INPUT 1 "clk";
    .port_info 1 /INPUT 1 "reset";
    .port_info 2 /INPUT 4 "opcode";
    .port_info 3 /INPUT 1 "op";
    .port_info 4 /OUTPUT 4 "address";
    .port_info 5 /OUTPUT 3 "alu_signals";
    .port_info 6 /OUTPUT 1 "acc_load";
    .port_info 7 /OUTPUT 1 "acc_mux";
    .port_info 8 /OUTPUT 1 "a_load";
    .port_info 9 /OUTPUT 1 "b_load";
P_0x5daef63d66a0 .param/l "add" 1 5 16, C4<0000>;
P_0x5daef63d66e0 .param/l "add_a" 1 5 17, C4<0001>;
P_0x5daef63d6720 .param/l "and_" 1 5 20, C4<0100>;
P_0x5daef63d6760 .param/l "and_a" 1 5 21, C4<0101>;
P_0x5daef63d67a0 .param/l "decode" 1 5 13, C4<01>;
P_0x5daef63d67e0 .param/l "execute" 1 5 14, C4<10>;
P_0x5daef63d6820 .param/l "no_op" 1 5 12, C4<00>;
P_0x5daef63d6860 .param/l "or_" 1 5 22, C4<0110>;
P_0x5daef63d68a0 .param/l "or_a" 1 5 23, C4<0111>;
P_0x5daef63d68e0 .param/l "shr" 1 5 24, C4<1000>;
P_0x5daef63d6920 .param/l "sub" 1 5 18, C4<0010>;
P_0x5daef63d6960 .param/l "sub_a" 1 5 19, C4<0011>;
v0x5daef63d7090_0 .var "a_load", 0 0;
v0x5daef63d7150_0 .var "acc_load", 0 0;
v0x5daef63d71f0_0 .var "acc_mux", 0 0;
v0x5daef63d7290_0 .var "addr_next", 3 0;
v0x5daef63d7330_0 .var "addr_reg", 3 0;
v0x5daef63d7460_0 .net "address", 3 0, v0x5daef63d7330_0;  alias, 1 drivers
v0x5daef63d7540_0 .var "alu_signals", 2 0;
v0x5daef63d7600_0 .var "b_load", 0 0;
v0x5daef63d76d0_0 .net "clk", 0 0, o0x782d0ce34018;  alias, 0 drivers
v0x5daef63d7770_0 .net "op", 0 0, o0x782d0ce348e8;  alias, 0 drivers
v0x5daef63d7810_0 .net "opcode", 3 0, L_0x5daef63daa00;  1 drivers
v0x5daef63d78d0_0 .var "opcode_next", 3 0;
v0x5daef63d79b0_0 .var "opcode_reg", 3 0;
v0x5daef63d7a90_0 .net "reset", 0 0, o0x782d0ce34138;  alias, 0 drivers
v0x5daef63d7b30_0 .var "state_next", 1 0;
v0x5daef63d7c10_0 .var "state_reg", 1 0;
E_0x5daef63b9010 .event anyedge, v0x5daef63d7c10_0, v0x5daef63d7770_0, v0x5daef63d7330_0, v0x5daef63d7810_0;
S_0x5daef63d7e90 .scope module, "memory" "register_file" 2 26, 6 1 0, S_0x5daef6392d10;
 .timescale 0 0;
    .port_info 0 /INPUT 1 "clk";
    .port_info 1 /INPUT 1 "reset";
    .port_info 2 /INPUT 20 "in_data";
    .port_info 3 /INPUT 4 "address";
    .port_info 4 /INPUT 1 "wr";
    .port_info 5 /INPUT 1 "rd";
    .port_info 6 /OUTPUT 20 "out_data";
L_0x5daef638f670 .functor BUFZ 20, L_0x5daef63da280, C4<00000000000000000000>, C4<00000000000000000000>, C4<00000000000000000000>;
v0x5daef63d8160_0 .net *"_ivl_0", 19 0, L_0x5daef63da280;  1 drivers
v0x5daef63d8260_0 .var "addr_next", 3 0;
v0x5daef63d8340_0 .var "addr_reg", 3 0;
v0x5daef63d8430_0 .net "address", 3 0, L_0x5daef63da0d0;  alias, 1 drivers
v0x5daef63d8510_0 .net "clk", 0 0, o0x782d0ce34018;  alias, 0 drivers
v0x5daef63d8600 .array "file", 0 3, 19 0;
v0x5daef63d86c0_0 .net "in_data", 19 0, o0x782d0ce34ca8;  alias, 0 drivers
v0x5daef63d87a0_0 .net "out_data", 19 0, L_0x5daef638f670;  alias, 1 drivers
v0x5daef63d8880_0 .net "rd", 0 0, o0x782d0ce34d08;  alias, 0 drivers
v0x5daef63d8940_0 .net "reset", 0 0, o0x782d0ce34138;  alias, 0 drivers
v0x5daef63d8a70_0 .net "wr", 0 0, o0x782d0ce34d38;  alias, 0 drivers
v0x5daef63d8b30_0 .var "write_next", 19 0;
v0x5daef63d8c10_0 .var "write_reg", 19 0;
E_0x5daef63b9050/0 .event anyedge, v0x5daef63d8c10_0, v0x5daef63d8340_0, v0x5daef63d8a70_0, v0x5daef63d86c0_0;
E_0x5daef63b9050/1 .event anyedge, v0x5daef63d8430_0;
E_0x5daef63b9050 .event/or E_0x5daef63b9050/0, E_0x5daef63b9050/1;
L_0x5daef63da280 .array/port v0x5daef63d8600, L_0x5daef63da0d0;
    .scope S_0x5daef63d7e90;
T_0 ;
    %wait E_0x5daef639efd0;
    %load/vec4 v0x5daef63d8940_0;
    %flag_set/vec4 8;
    %jmp/0xz  T_0.0, 8;
    %pushi/vec4 0, 0, 4;
    %assign/vec4 v0x5daef63d8340_0, 0;
    %pushi/vec4 0, 0, 20;
    %assign/vec4 v0x5daef63d8c10_0, 0;
    %jmp T_0.1;
T_0.0 ;
    %load/vec4 v0x5daef63d8260_0;
    %assign/vec4 v0x5daef63d8340_0, 0;
    %load/vec4 v0x5daef63d8b30_0;
    %assign/vec4 v0x5daef63d8c10_0, 0;
T_0.1 ;
    %jmp T_0;
    .thread T_0;
    .scope S_0x5daef63d7e90;
T_1 ;
    %wait E_0x5daef63b9050;
    %load/vec4 v0x5daef63d8c10_0;
    %ix/getv 4, v0x5daef63d8340_0;
    %store/vec4a v0x5daef63d8600, 4, 0;
    %load/vec4 v0x5daef63d8a70_0;
    %flag_set/vec4 8;
    %jmp/0xz  T_1.0, 8;
    %load/vec4 v0x5daef63d86c0_0;
    %store/vec4 v0x5daef63d8b30_0, 0, 20;
    %load/vec4 v0x5daef63d8430_0;
    %store/vec4 v0x5daef63d8260_0, 0, 4;
T_1.0 ;
    %jmp T_1;
    .thread T_1, $push;
    .scope S_0x5daef63d48e0;
T_2 ;
    %wait E_0x5daef639efd0;
    %load/vec4 v0x5daef63d4fe0_0;
    %flag_set/vec4 8;
    %jmp/0xz  T_2.0, 8;
    %pushi/vec4 0, 0, 8;
    %assign/vec4 v0x5daef63d4f00_0, 0;
    %jmp T_2.1;
T_2.0 ;
    %load/vec4 v0x5daef63d4d40_0;
    %assign/vec4 v0x5daef63d4f00_0, 0;
T_2.1 ;
    %jmp T_2;
    .thread T_2;
    .scope S_0x5daef638ee70;
T_3 ;
    %wait E_0x5daef639efd0;
    %load/vec4 v0x5daef6391110_0;
    %flag_set/vec4 8;
    %jmp/0xz  T_3.0, 8;
    %pushi/vec4 0, 0, 8;
    %assign/vec4 v0x5daef6391040_0, 0;
    %jmp T_3.1;
T_3.0 ;
    %load/vec4 v0x5daef6393320_0;
    %assign/vec4 v0x5daef6391040_0, 0;
T_3.1 ;
    %jmp T_3;
    .thread T_3;
    .scope S_0x5daef63d5ad0;
T_4 ;
    %wait E_0x5daef639efd0;
    %load/vec4 v0x5daef63d62e0_0;
    %flag_set/vec4 8;
    %jmp/0xz  T_4.0, 8;
    %pushi/vec4 0, 0, 8;
    %assign/vec4 v0x5daef63d6200_0, 0;
    %jmp T_4.1;
T_4.0 ;
    %load/vec4 v0x5daef63d5ff0_0;
    %assign/vec4 v0x5daef63d6200_0, 0;
T_4.1 ;
    %jmp T_4;
    .thread T_4;
    .scope S_0x5daef63d6470;
T_5 ;
    %wait E_0x5daef639efd0;
    %load/vec4 v0x5daef63d7a90_0;
    %flag_set/vec4 8;
    %jmp/0xz  T_5.0, 8;
    %pushi/vec4 0, 0, 2;
    %assign/vec4 v0x5daef63d7c10_0, 0;
    %pushi/vec4 0, 0, 4;
    %assign/vec4 v0x5daef63d7330_0, 0;
    %pushi/vec4 0, 0, 4;
    %assign/vec4 v0x5daef63d79b0_0, 0;
    %jmp T_5.1;
T_5.0 ;
    %load/vec4 v0x5daef63d7b30_0;
    %assign/vec4 v0x5daef63d7c10_0, 0;
    %load/vec4 v0x5daef63d7290_0;
    %assign/vec4 v0x5daef63d7330_0, 0;
    %load/vec4 v0x5daef63d78d0_0;
    %assign/vec4 v0x5daef63d79b0_0, 0;
T_5.1 ;
    %jmp T_5;
    .thread T_5;
    .scope S_0x5daef63d6470;
T_6 ;
    %wait E_0x5daef63b9010;
    %load/vec4 v0x5daef63d7c10_0;
    %store/vec4 v0x5daef63d7b30_0, 0, 2;
    %pushi/vec4 0, 0, 1;
    %store/vec4 v0x5daef63d7150_0, 0, 1;
    %load/vec4 v0x5daef63d7c10_0;
    %dup/vec4;
    %pushi/vec4 0, 0, 2;
    %cmp/u;
    %jmp/1 T_6.0, 6;
    %dup/vec4;
    %pushi/vec4 1, 0, 2;
    %cmp/u;
    %jmp/1 T_6.1, 6;
    %dup/vec4;
    %pushi/vec4 2, 0, 2;
    %cmp/u;
    %jmp/1 T_6.2, 6;
    %jmp T_6.3;
T_6.0 ;
    %load/vec4 v0x5daef63d7770_0;
    %flag_set/vec4 8;
    %jmp/0xz  T_6.4, 8;
    %pushi/vec4 1, 0, 2;
    %store/vec4 v0x5daef63d7b30_0, 0, 2;
    %load/vec4 v0x5daef63d7330_0;
    %addi 1, 0, 4;
    %store/vec4 v0x5daef63d7290_0, 0, 4;
    %load/vec4 v0x5daef63d7810_0;
    %store/vec4 v0x5daef63d78d0_0, 0, 4;
    %pushi/vec4 1, 0, 1;
    %store/vec4 v0x5daef63d7090_0, 0, 1;
    %pushi/vec4 1, 0, 1;
    %store/vec4 v0x5daef63d7600_0, 0, 1;
T_6.4 ;
    %jmp T_6.3;
T_6.1 ;
    %pushi/vec4 2, 0, 2;
    %store/vec4 v0x5daef63d7b30_0, 0, 2;
    %load/vec4 v0x5daef63d7810_0;
    %dup/vec4;
    %pushi/vec4 0, 0, 4;
    %cmp/u;
    %jmp/1 T_6.6, 6;
    %dup/vec4;
    %pushi/vec4 1, 0, 4;
    %cmp/u;
    %jmp/1 T_6.7, 6;
    %dup/vec4;
    %pushi/vec4 2, 0, 4;
    %cmp/u;
    %jmp/1 T_6.8, 6;
    %dup/vec4;
    %pushi/vec4 3, 0, 4;
    %cmp/u;
    %jmp/1 T_6.9, 6;
    %dup/vec4;
    %pushi/vec4 4, 0, 4;
    %cmp/u;
    %jmp/1 T_6.10, 6;
    %dup/vec4;
    %pushi/vec4 5, 0, 4;
    %cmp/u;
    %jmp/1 T_6.11, 6;
    %dup/vec4;
    %pushi/vec4 6, 0, 4;
    %cmp/u;
    %jmp/1 T_6.12, 6;
    %dup/vec4;
    %pushi/vec4 7, 0, 4;
    %cmp/u;
    %jmp/1 T_6.13, 6;
    %dup/vec4;
    %pushi/vec4 8, 0, 4;
    %cmp/u;
    %jmp/1 T_6.14, 6;
    %pushi/vec4 0, 0, 2;
    %store/vec4 v0x5daef63d7b30_0, 0, 2;
    %jmp T_6.16;
T_6.6 ;
    %pushi/vec4 0, 0, 3;
    %store/vec4 v0x5daef63d7540_0, 0, 3;
    %pushi/vec4 0, 0, 1;
    %store/vec4 v0x5daef63d71f0_0, 0, 1;
    %jmp T_6.16;
T_6.7 ;
    %pushi/vec4 0, 0, 3;
    %store/vec4 v0x5daef63d7540_0, 0, 3;
    %pushi/vec4 1, 0, 1;
    %store/vec4 v0x5daef63d71f0_0, 0, 1;
    %jmp T_6.16;
T_6.8 ;
    %pushi/vec4 1, 0, 3;
    %store/vec4 v0x5daef63d7540_0, 0, 3;
    %pushi/vec4 0, 0, 1;
    %store/vec4 v0x5daef63d71f0_0, 0, 1;
    %jmp T_6.16;
T_6.9 ;
    %pushi/vec4 1, 0, 3;
    %store/vec4 v0x5daef63d7540_0, 0, 3;
    %pushi/vec4 1, 0, 1;
    %store/vec4 v0x5daef63d71f0_0, 0, 1;
    %jmp T_6.16;
T_6.10 ;
    %pushi/vec4 2, 0, 3;
    %store/vec4 v0x5daef63d7540_0, 0, 3;
    %pushi/vec4 0, 0, 1;
    %store/vec4 v0x5daef63d71f0_0, 0, 1;
    %jmp T_6.16;
T_6.11 ;
    %pushi/vec4 2, 0, 3;
    %store/vec4 v0x5daef63d7540_0, 0, 3;
    %pushi/vec4 1, 0, 1;
    %store/vec4 v0x5daef63d71f0_0, 0, 1;
    %jmp T_6.16;
T_6.12 ;
    %pushi/vec4 3, 0, 3;
    %store/vec4 v0x5daef63d7540_0, 0, 3;
    %pushi/vec4 0, 0, 1;
    %store/vec4 v0x5daef63d71f0_0, 0, 1;
    %jmp T_6.16;
T_6.13 ;
    %pushi/vec4 3, 0, 3;
    %store/vec4 v0x5daef63d7540_0, 0, 3;
    %pushi/vec4 1, 0, 1;
    %store/vec4 v0x5daef63d71f0_0, 0, 1;
    %jmp T_6.16;
T_6.14 ;
    %pushi/vec4 4, 0, 3;
    %store/vec4 v0x5daef63d7540_0, 0, 3;
    %pushi/vec4 0, 0, 1;
    %store/vec4 v0x5daef63d71f0_0, 0, 1;
    %jmp T_6.16;
T_6.16 ;
    %pop/vec4 1;
    %jmp T_6.3;
T_6.2 ;
    %pushi/vec4 1, 0, 1;
    %store/vec4 v0x5daef63d7150_0, 0, 1;
    %pushi/vec4 0, 0, 2;
    %store/vec4 v0x5daef63d7b30_0, 0, 2;
    %jmp T_6.3;
T_6.3 ;
    %pop/vec4 1;
    %jmp T_6;
    .thread T_6, $push;
    .scope S_0x5daef63d5100;
T_7 ;
    %wait E_0x5daef6381ab0;
    %pushi/vec4 0, 0, 1;
    %store/vec4 v0x5daef63d5890_0, 0, 1;
    %load/vec4 v0x5daef63d5760_0;
    %dup/vec4;
    %pushi/vec4 0, 0, 3;
    %cmp/u;
    %jmp/1 T_7.0, 6;
    %dup/vec4;
    %pushi/vec4 1, 0, 3;
    %cmp/u;
    %jmp/1 T_7.1, 6;
    %dup/vec4;
    %pushi/vec4 2, 0, 3;
    %cmp/u;
    %jmp/1 T_7.2, 6;
    %dup/vec4;
    %pushi/vec4 3, 0, 3;
    %cmp/u;
    %jmp/1 T_7.3, 6;
    %dup/vec4;
    %pushi/vec4 4, 0, 3;
    %cmp/u;
    %jmp/1 T_7.4, 6;
    %pushi/vec4 0, 0, 8;
    %store/vec4 v0x5daef63d5950_0, 0, 8;
    %jmp T_7.6;
T_7.0 ;
    %load/vec4 v0x5daef63d53e0_0;
    %pad/u 9;
    %load/vec4 v0x5daef63d54e0_0;
    %pad/u 9;
    %add;
    %split/vec4 8;
    %store/vec4 v0x5daef63d5950_0, 0, 8;
    %store/vec4 v0x5daef63d5890_0, 0, 1;
    %jmp T_7.6;
T_7.1 ;
    %load/vec4 v0x5daef63d53e0_0;
    %load/vec4 v0x5daef63d54e0_0;
    %sub;
    %store/vec4 v0x5daef63d5950_0, 0, 8;
    %jmp T_7.6;
T_7.2 ;
    %load/vec4 v0x5daef63d53e0_0;
    %load/vec4 v0x5daef63d54e0_0;
    %mul;
    %store/vec4 v0x5daef63d5950_0, 0, 8;
    %jmp T_7.6;
T_7.3 ;
    %load/vec4 v0x5daef63d53e0_0;
    %load/vec4 v0x5daef63d54e0_0;
    %div;
    %store/vec4 v0x5daef63d5950_0, 0, 8;
    %jmp T_7.6;
T_7.4 ;
    %load/vec4 v0x5daef63d53e0_0;
    %ix/load 4, 1, 0;
    %flag_set/imm 4, 0;
    %shiftr 4;
    %store/vec4 v0x5daef63d5950_0, 0, 8;
    %jmp T_7.6;
T_7.6 ;
    %pop/vec4 1;
    %jmp T_7;
    .thread T_7, $push;
# The file index is used to find the file name in the following table.
:file_names 7;
    "N/A";
    "<interactive>";
    "processor.v";
    "ec_registers/accumulator.v";
    "alu/alu.v";
    "controller/controller.v";
    "memory_module/register_file.v";
